d:\visual studio projects\oob\ass5-6\ass5-6\debug\vc141.pdb
d:\visual studio projects\oob\ass5-6\ass5-6\debug\vc141.idb
d:\visual studio projects\oob\ass5-6\ass5-6\debug\main.obj
d:\visual studio projects\oob\ass5-6\ass5-6\debug\dynamicvector.obj
d:\visual studio projects\oob\ass5-6\ass5-6\debug\ui.obj
d:\visual studio projects\oob\ass5-6\ass5-6\debug\tutorial.obj
d:\visual studio projects\oob\ass5-6\ass5-6\debug\controller.obj
d:\visual studio projects\oob\ass5-6\ass5-6\debug\repository.obj
d:\visual studio projects\oob\ass5-6\ass5-6\debug\wachlistcontroller.obj
d:\visual studio projects\oob\ass5-6\ass5-6\debug\vc142.pdb
d:\visual studio projects\oob\ass5-6\ass5-6\debug\vc142.idb
d:\visual studio projects\oob\ass5-6\ass5-6\debug\tutorial.nativecodeanalysis.sarif
d:\visual studio projects\oob\ass5-6\ass5-6\debug\tutorial.nativecodeanalysis.xml
d:\visual studio projects\oob\ass5-6\ass5-6\debug\main.nativecodeanalysis.sarif
d:\visual studio projects\oob\ass5-6\ass5-6\debug\main.nativecodeanalysis.xml
d:\visual studio projects\oob\ass5-6\ass5-6\debug\controller.nativecodeanalysis.sarif
d:\visual studio projects\oob\ass5-6\ass5-6\debug\controller.nativecodeanalysis.xml
d:\visual studio projects\oob\ass5-6\ass5-6\debug\wachlistcontroller.nativecodeanalysis.sarif
d:\visual studio projects\oob\ass5-6\ass5-6\debug\wachlistcontroller.nativecodeanalysis.xml
d:\visual studio projects\oob\ass5-6\ass5-6\debug\ui.nativecodeanalysis.sarif
d:\visual studio projects\oob\ass5-6\ass5-6\debug\ui.nativecodeanalysis.xml
d:\visual studio projects\oob\ass5-6\ass5-6\debug\controllerexception.nativecodeanalysis.sarif
d:\visual studio projects\oob\ass5-6\ass5-6\debug\controllerexception.nativecodeanalysis.xml
d:\visual studio projects\oob\ass5-6\ass5-6\debug\controllerexception.obj
d:\visual studio projects\oob\ass5-6\ass5-6\debug\repository.nativecodeanalysis.sarif
d:\visual studio projects\oob\ass5-6\ass5-6\debug\repository.nativecodeanalysis.xml
d:\visual studio projects\oob\ass5-6\ass5-6\debug\comparator.nativecodeanalysis.sarif
d:\visual studio projects\oob\ass5-6\ass5-6\debug\comparator.nativecodeanalysis.xml
d:\visual studio projects\oob\ass5-6\ass5-6\debug\comparator.obj
d:\visual studio projects\oob\ass5-6\debug\ass5-6.exe
d:\visual studio projects\oob\ass5-6\debug\ass5-6.ilk
d:\visual studio projects\oob\ass5-6\debug\ass5-6.pdb
d:\visual studio projects\oob\ass5-6\ass5-6\debug\controller.obj.enc
d:\visual studio projects\oob\ass5-6\ass5-6\debug\nativecodeanalysis.read.1.tlog
d:\visual studio projects\oob\ass5-6\ass5-6\debug\vc.nativecodeanalysis.all.xml
d:\visual studio projects\oob\ass5-6\debug\ass5-6.exe.lastcodeanalysissucceeded
d:\visual studio projects\oob\ass5-6\ass5-6\debug\ass5-6.tlog\cl.command.1.tlog
d:\visual studio projects\oob\ass5-6\ass5-6\debug\ass5-6.tlog\cl.read.1.tlog
d:\visual studio projects\oob\ass5-6\ass5-6\debug\ass5-6.tlog\cl.write.1.tlog
d:\visual studio projects\oob\ass5-6\ass5-6\debug\ass5-6.tlog\link.command.1.tlog
d:\visual studio projects\oob\ass5-6\ass5-6\debug\ass5-6.tlog\link.read.1.tlog
d:\visual studio projects\oob\ass5-6\ass5-6\debug\ass5-6.tlog\link.write.1.tlog
